Removed Pin From Net: NetName=BIAS Pin=C24-1
Removed Pin From Net: NetName=BIAS Pin=R20-1
Added Pin To Net: NetName=BIAS Pin=C24-1
Added Pin To Net: NetName=BIAS Pin=R20-1
Added Pin To Net: NetName=3.3V Pin=U1-64
Change Net Name : Old Net Name=BIAS New Net Name=ISN
Add Net: Net with name "BST" already exists
Add Net: Net with name "EN" already exists
Add Net: Net with name "FB" already exists
Add Net: Net with name "G_OR" already exists
Add Net: Net with name "PG" already exists
Add Net: Net with name "RT" already exists
Add Net: Net with name "SW" already exists
Add Net: Net with name "TR/SS" already exists
Add Class: Class already exists: Designator
Add Class: Class already exists: Designator
Add Class: Class already exists: Designator
Add Class: Class already exists: Designator
Add Class: Class already exists: Designator
Add Class: Class already exists: Designator
Add Class: Class already exists: Designator
